<?xml version="1.0" encoding="UTF-8"?>
<!-- Generated by org.testng.reporters.JUnitXMLReporter -->
<testsuite hostname="DESKTOP-61FN9Q0" failures="0" tests="3" name="Surefire test" time="0.127" errors="0" timestamp="20 Apr 2024 20:58:20 GMT">
  <testcase classname="br.com.enade.model.TbusuarioTest" name="testGetSetEmailUsuario on testGetSetEmailUsuario(br.com.enade.model.TbusuarioTest)" time="0.006"/>
  <testcase classname="br.com.enade.model.TbusuarioTest" name="testGetSetNomeUsuario on testGetSetNomeUsuario(br.com.enade.model.TbusuarioTest)" time="0.001"/>
  <testcase classname="br.com.enade.model.TbusuarioTest" name="testGetSetIdUsuario on testGetSetIdUsuario(br.com.enade.model.TbusuarioTest)" time="0.0"/>
</testsuite> <!-- Surefire test -->
