<?xml version="1.0" encoding="UTF-8"?>
<testng-results total="3" passed="3" failed="0" skipped="0">
  <reporter-output>
  </reporter-output>
  <suite started-at="2024-04-20T20:58:20Z" name="Surefire suite" finished-at="2024-04-20T20:58:20Z" duration-ms="127">
    <groups>
    </groups>
    <test started-at="2024-04-20T20:58:20Z" name="Surefire test" finished-at="2024-04-20T20:58:20Z" duration-ms="127">
      <class name="br.com.enade.model.TbusuarioTest">
        <test-method signature="testGetSetEmailUsuario()[pri:0, instance:testGetSetEmailUsuario(br.com.enade.model.TbusuarioTest)]" started-at="2024-04-20T17:58:20Z" name="testGetSetEmailUsuario" finished-at="2024-04-20T17:58:20Z" duration-ms="6" status="PASS">
          <reporter-output>
          </reporter-output>
        </test-method> <!-- testGetSetEmailUsuario -->
        <test-method signature="testGetSetNomeUsuario()[pri:0, instance:testGetSetNomeUsuario(br.com.enade.model.TbusuarioTest)]" started-at="2024-04-20T17:58:20Z" name="testGetSetNomeUsuario" finished-at="2024-04-20T17:58:20Z" duration-ms="1" status="PASS">
          <reporter-output>
          </reporter-output>
        </test-method> <!-- testGetSetNomeUsuario -->
        <test-method signature="testGetSetIdUsuario()[pri:0, instance:testGetSetIdUsuario(br.com.enade.model.TbusuarioTest)]" started-at="2024-04-20T17:58:20Z" name="testGetSetIdUsuario" finished-at="2024-04-20T17:58:20Z" duration-ms="0" status="PASS">
          <reporter-output>
          </reporter-output>
        </test-method> <!-- testGetSetIdUsuario -->
      </class> <!-- br.com.enade.model.TbusuarioTest -->
    </test> <!-- Surefire test -->
  </suite> <!-- Surefire suite -->
</testng-results>
